c:\users\rosen\source\repos\opengl_assimp\opengl_assimp\debug\vc142.pdb
c:\users\rosen\source\repos\opengl_assimp\opengl_assimp\debug\vc142.idb
c:\users\rosen\source\repos\opengl_assimp\opengl_assimp\debug\stb_image.obj
c:\users\rosen\source\repos\opengl_assimp\opengl_assimp\debug\imgui_widgets.obj
c:\users\rosen\source\repos\opengl_assimp\opengl_assimp\debug\imgui_impl_opengl3.obj
c:\users\rosen\source\repos\opengl_assimp\opengl_assimp\debug\imgui_impl_glfw.obj
c:\users\rosen\source\repos\opengl_assimp\opengl_assimp\debug\imgui_draw.obj
c:\users\rosen\source\repos\opengl_assimp\opengl_assimp\debug\imgui_demo.obj
c:\users\rosen\source\repos\opengl_assimp\opengl_assimp\debug\imgui.obj
c:\users\rosen\source\repos\opengl_assimp\opengl_assimp\debug\application.obj
c:\users\rosen\source\repos\opengl_assimp\opengl_assimp\debug\glad.obj
c:\users\rosen\source\repos\opengl_assimp\debug\opengl_assimp.pdb
c:\users\rosen\source\repos\opengl_assimp\opengl_assimp\debug\opengl_assimp.tlog\cl.command.1.tlog
c:\users\rosen\source\repos\opengl_assimp\opengl_assimp\debug\opengl_assimp.tlog\cl.read.1.tlog
c:\users\rosen\source\repos\opengl_assimp\opengl_assimp\debug\opengl_assimp.tlog\cl.write.1.tlog
c:\users\rosen\source\repos\opengl_assimp\opengl_assimp\debug\opengl_assimp.tlog\link-cvtres.read.1.tlog
c:\users\rosen\source\repos\opengl_assimp\opengl_assimp\debug\opengl_assimp.tlog\link-cvtres.write.1.tlog
c:\users\rosen\source\repos\opengl_assimp\opengl_assimp\debug\opengl_assimp.tlog\link-rc.read.1.tlog
c:\users\rosen\source\repos\opengl_assimp\opengl_assimp\debug\opengl_assimp.tlog\link-rc.write.1.tlog
c:\users\rosen\source\repos\opengl_assimp\opengl_assimp\debug\opengl_assimp.tlog\link.command.1.tlog
c:\users\rosen\source\repos\opengl_assimp\opengl_assimp\debug\opengl_assimp.tlog\link.read.1.tlog
c:\users\rosen\source\repos\opengl_assimp\opengl_assimp\debug\opengl_assimp.tlog\link.write.1.tlog
